<?xml version="1.0" encoding="UTF-8"?>
<!-- Generated by org.testng.reporters.JUnitXMLReporter -->
<testsuite ignored="0" hostname="DESKTOP-SV9CFRI" failures="1" tests="1" name="JSErrorTests" time="36.049" errors="0" timestamp="2023-09-01T12:13:21 IST">
  <testcase classname="com.herokuapp.theinternet.jserrortests.JSErrorTests" name="jsErrorTest" time="1.27">
    <failure type="java.lang.AssertionError" message="The following asserts failed:
	Severe error: http://the-internet.herokuapp.com/javascript_error 6:51 Uncaught TypeError: Cannot read properties of undefined (reading &amp;apos;xyz&amp;apos;)">
      <![CDATA[java.lang.AssertionError: The following asserts failed:
Severe error: http://the-internet.herokuapp.com/javascript_error 6:51 Uncaught TypeError: Cannot read properties of undefined (reading 'xyz')
at com.herokuapp.theinternet.jserrortests.JSErrorTests.jsErrorTest(JSErrorTests.java:32)
at java.base/java.util.ArrayList.forEach(ArrayList.java:1511)
... Removed 29 stack frames]]>
    </failure>
  </testcase> <!-- jsErrorTest -->
</testsuite> <!-- JSErrorTests -->
